2014-11-03 10:35:38 <Root WebApplicationContext: initialization started> - [org.springframework.web.context.ContextLoader]  - INFO   
2014-11-03 10:35:38 <Refreshing Root WebApplicationContext: startup date [Mon Nov 03 10:35:38 GMT+08:00 2014]; root of context hierarchy> - [org.springframework.web.context.support.XmlWebApplicationContext]  - INFO   
2014-11-03 10:35:38 <Loading XML bean definitions from class path resource [applicationContext.xml]> - [org.springframework.beans.factory.xml.XmlBeanDefinitionReader]  - INFO   
2014-11-03 10:35:38 <Loading properties file from class path resource [jdbc.properties]> - [org.springframework.beans.factory.config.PropertyPlaceholderConfigurer]  - INFO   
2014-11-03 10:35:38 <Pre-instantiating singletons in org.springframework.beans.factory.support.DefaultListableBeanFactory@eee92e0: defining beans [org.springframework.context.annotation.internalConfigurationAnnotationProcessor,org.springframework.context.annotation.internalAutowiredAnnotationProcessor,org.springframework.context.annotation.internalRequiredAnnotationProcessor,org.springframework.context.annotation.internalCommonAnnotationProcessor,org.springframework.context.annotation.internalPersistenceAnnotationProcessor,menuDao,menuService,org.springframework.aop.config.internalAutoProxyCreator,propertyConfigurer,dataSource,sessionFactory,transactionManager,txAdvice,myTest,org.springframework.aop.support.DefaultBeanFactoryPointcutAdvisor#0]; root of factory hierarchy> - [org.springframework.beans.factory.support.DefaultListableBeanFactory]  - INFO   
2014-11-03 10:35:39 <Hibernate Annotations 3.4.0.GA> - [org.hibernate.cfg.annotations.Version]  - INFO   
2014-11-03 10:35:39 <Hibernate 3.3.2.GA> - [org.hibernate.cfg.Environment]  - INFO   
2014-11-03 10:35:39 <hibernate.properties not found> - [org.hibernate.cfg.Environment]  - INFO   
2014-11-03 10:35:39 <Bytecode provider name : javassist> - [org.hibernate.cfg.Environment]  - INFO   
2014-11-03 10:35:39 <using JDK 1.4 java.sql.Timestamp handling> - [org.hibernate.cfg.Environment]  - INFO   
2014-11-03 10:35:39 <Hibernate Commons Annotations 3.1.0.GA> - [org.hibernate.annotations.common.Version]  - INFO   
2014-11-03 10:35:39 <Binding entity from annotated class: com.skss.app.entity.Menu> - [org.hibernate.cfg.AnnotationBinder]  - INFO   
2014-11-03 10:35:39 <Bind entity com.skss.app.entity.Menu on table ss_menu> - [org.hibernate.cfg.annotations.EntityBinder]  - INFO   
2014-11-03 10:35:39 <Hibernate Validator 3.1.0.GA> - [org.hibernate.validator.Version]  - INFO   
2014-11-03 10:35:39 <Building new Hibernate SessionFactory> - [org.springframework.orm.hibernate3.annotation.AnnotationSessionFactoryBean]  - INFO   
2014-11-03 10:35:39 <Unable to find org.hibernate.search.event.FullTextIndexEventListener on the classpath. Hibernate Search is not enabled.> - [org.hibernate.cfg.search.HibernateSearchEventListenerRegister]  - INFO   
2014-11-03 10:35:39 <Initializing connection provider: org.springframework.orm.hibernate3.LocalDataSourceConnectionProvider> - [org.hibernate.connection.ConnectionProviderFactory]  - INFO   
2014-11-03 10:35:39 <RDBMS: MySQL, version: 5.6.11> - [org.hibernate.cfg.SettingsFactory]  - INFO   
2014-11-03 10:35:39 <JDBC driver: MySQL-AB JDBC Driver, version: mysql-connector-java-5.1.13 ( Revision: ${bzr.revision-id} )> - [org.hibernate.cfg.SettingsFactory]  - INFO   
2014-11-03 10:35:39 <Using dialect: org.hibernate.dialect.MySQLDialect> - [org.hibernate.dialect.Dialect]  - INFO   
2014-11-03 10:35:39 <Transaction strategy: org.springframework.orm.hibernate3.SpringTransactionFactory> - [org.hibernate.transaction.TransactionFactoryFactory]  - INFO   
2014-11-03 10:35:39 <No TransactionManagerLookup configured (in JTA environment, use of read-write or transactional second-level cache is not recommended)> - [org.hibernate.transaction.TransactionManagerLookupFactory]  - INFO   
2014-11-03 10:35:39 <Automatic flush during beforeCompletion(): disabled> - [org.hibernate.cfg.SettingsFactory]  - INFO   
2014-11-03 10:35:39 <Automatic session close at end of transaction: disabled> - [org.hibernate.cfg.SettingsFactory]  - INFO   
2014-11-03 10:35:39 <JDBC batch size: 15> - [org.hibernate.cfg.SettingsFactory]  - INFO   
2014-11-03 10:35:39 <JDBC batch updates for versioned data: disabled> - [org.hibernate.cfg.SettingsFactory]  - INFO   
2014-11-03 10:35:39 <Scrollable result sets: enabled> - [org.hibernate.cfg.SettingsFactory]  - INFO   
2014-11-03 10:35:39 <JDBC3 getGeneratedKeys(): enabled> - [org.hibernate.cfg.SettingsFactory]  - INFO   
2014-11-03 10:35:39 <Connection release mode: auto> - [org.hibernate.cfg.SettingsFactory]  - INFO   
2014-11-03 10:35:39 <Maximum outer join fetch depth: 2> - [org.hibernate.cfg.SettingsFactory]  - INFO   
2014-11-03 10:35:39 <Default batch fetch size: 1> - [org.hibernate.cfg.SettingsFactory]  - INFO   
2014-11-03 10:35:39 <Generate SQL with comments: disabled> - [org.hibernate.cfg.SettingsFactory]  - INFO   
2014-11-03 10:35:39 <Order SQL updates by primary key: disabled> - [org.hibernate.cfg.SettingsFactory]  - INFO   
2014-11-03 10:35:39 <Order SQL inserts for batching: disabled> - [org.hibernate.cfg.SettingsFactory]  - INFO   
2014-11-03 10:35:39 <Query translator: org.hibernate.hql.ast.ASTQueryTranslatorFactory> - [org.hibernate.cfg.SettingsFactory]  - INFO   
2014-11-03 10:35:39 <Using ASTQueryTranslatorFactory> - [org.hibernate.hql.ast.ASTQueryTranslatorFactory]  - INFO   
2014-11-03 10:35:39 <Query language substitutions: {}> - [org.hibernate.cfg.SettingsFactory]  - INFO   
2014-11-03 10:35:39 <JPA-QL strict compliance: disabled> - [org.hibernate.cfg.SettingsFactory]  - INFO   
2014-11-03 10:35:39 <Second-level cache: enabled> - [org.hibernate.cfg.SettingsFactory]  - INFO   
2014-11-03 10:35:39 <Query cache: disabled> - [org.hibernate.cfg.SettingsFactory]  - INFO   
2014-11-03 10:35:39 <Cache region factory : org.hibernate.cache.impl.NoCachingRegionFactory> - [org.hibernate.cfg.SettingsFactory]  - INFO   
2014-11-03 10:35:39 <Optimize cache for minimal puts: disabled> - [org.hibernate.cfg.SettingsFactory]  - INFO   
2014-11-03 10:35:39 <Structured second-level cache entries: disabled> - [org.hibernate.cfg.SettingsFactory]  - INFO   
2014-11-03 10:35:39 <Echoing all SQL to stdout> - [org.hibernate.cfg.SettingsFactory]  - INFO   
2014-11-03 10:35:39 <Statistics: disabled> - [org.hibernate.cfg.SettingsFactory]  - INFO   
2014-11-03 10:35:39 <Deleted entity synthetic identifier rollback: disabled> - [org.hibernate.cfg.SettingsFactory]  - INFO   
2014-11-03 10:35:39 <Default entity-mode: pojo> - [org.hibernate.cfg.SettingsFactory]  - INFO   
2014-11-03 10:35:39 <Named query checking : enabled> - [org.hibernate.cfg.SettingsFactory]  - INFO   
2014-11-03 10:35:39 <building session factory> - [org.hibernate.impl.SessionFactoryImpl]  - INFO   
2014-11-03 10:35:40 <Not binding factory to JNDI, no JNDI name configured> - [org.hibernate.impl.SessionFactoryObjectFactory]  - INFO   
2014-11-03 10:35:40 <Running hbm2ddl schema update> - [org.hibernate.tool.hbm2ddl.SchemaUpdate]  - INFO   
2014-11-03 10:35:40 <fetching database metadata> - [org.hibernate.tool.hbm2ddl.SchemaUpdate]  - INFO   
2014-11-03 10:35:40 <updating schema> - [org.hibernate.tool.hbm2ddl.SchemaUpdate]  - INFO   
2014-11-03 10:35:40 <table found: app.ss_menu> - [org.hibernate.tool.hbm2ddl.TableMetadata]  - INFO   
2014-11-03 10:35:40 <columns: [id, text, description, parent, node_id]> - [org.hibernate.tool.hbm2ddl.TableMetadata]  - INFO   
2014-11-03 10:35:40 <foreign keys: []> - [org.hibernate.tool.hbm2ddl.TableMetadata]  - INFO   
2014-11-03 10:35:40 <indexes: [primary]> - [org.hibernate.tool.hbm2ddl.TableMetadata]  - INFO   
2014-11-03 10:35:40 <schema update complete> - [org.hibernate.tool.hbm2ddl.SchemaUpdate]  - INFO   
2014-11-03 10:35:40 <Using DataSource [org.apache.commons.dbcp.BasicDataSource@3da978e8] of Hibernate SessionFactory for HibernateTransactionManager> - [org.springframework.orm.hibernate3.HibernateTransactionManager]  - INFO   
2014-11-03 10:35:40 <Root WebApplicationContext: initialization completed in 2143 ms> - [org.springframework.web.context.ContextLoader]  - INFO   
2014-11-03 10:35:40 <Initializing Struts-Spring integration...> - [org.apache.struts2.spring.StrutsSpringObjectFactory]  - INFO   
2014-11-03 10:35:40 <... initialized Struts-Spring integration successfully> - [org.apache.struts2.spring.StrutsSpringObjectFactory]  - INFO   
2014-11-03 10:36:20 <Root WebApplicationContext: initialization started> - [org.springframework.web.context.ContextLoader]  - INFO   
2014-11-03 10:36:20 <Refreshing Root WebApplicationContext: startup date [Mon Nov 03 10:36:20 GMT+08:00 2014]; root of context hierarchy> - [org.springframework.web.context.support.XmlWebApplicationContext]  - INFO   
2014-11-03 10:36:20 <Loading XML bean definitions from class path resource [applicationContext.xml]> - [org.springframework.beans.factory.xml.XmlBeanDefinitionReader]  - INFO   
2014-11-03 10:36:20 <Loading properties file from class path resource [jdbc.properties]> - [org.springframework.beans.factory.config.PropertyPlaceholderConfigurer]  - INFO   
2014-11-03 10:36:20 <Pre-instantiating singletons in org.springframework.beans.factory.support.DefaultListableBeanFactory@32b225d2: defining beans [org.springframework.context.annotation.internalConfigurationAnnotationProcessor,org.springframework.context.annotation.internalAutowiredAnnotationProcessor,org.springframework.context.annotation.internalRequiredAnnotationProcessor,org.springframework.context.annotation.internalCommonAnnotationProcessor,org.springframework.context.annotation.internalPersistenceAnnotationProcessor,menuDao,menuService,org.springframework.aop.config.internalAutoProxyCreator,propertyConfigurer,dataSource,sessionFactory,transactionManager,txAdvice,myTest,org.springframework.aop.support.DefaultBeanFactoryPointcutAdvisor#0]; root of factory hierarchy> - [org.springframework.beans.factory.support.DefaultListableBeanFactory]  - INFO   
2014-11-03 10:36:21 <Hibernate Annotations 3.4.0.GA> - [org.hibernate.cfg.annotations.Version]  - INFO   
2014-11-03 10:36:21 <Hibernate 3.3.2.GA> - [org.hibernate.cfg.Environment]  - INFO   
2014-11-03 10:36:21 <hibernate.properties not found> - [org.hibernate.cfg.Environment]  - INFO   
2014-11-03 10:36:21 <Bytecode provider name : javassist> - [org.hibernate.cfg.Environment]  - INFO   
2014-11-03 10:36:21 <using JDK 1.4 java.sql.Timestamp handling> - [org.hibernate.cfg.Environment]  - INFO   
2014-11-03 10:36:21 <Hibernate Commons Annotations 3.1.0.GA> - [org.hibernate.annotations.common.Version]  - INFO   
2014-11-03 10:36:21 <Binding entity from annotated class: com.skss.app.entity.Menu> - [org.hibernate.cfg.AnnotationBinder]  - INFO   
2014-11-03 10:36:21 <Bind entity com.skss.app.entity.Menu on table ss_menu> - [org.hibernate.cfg.annotations.EntityBinder]  - INFO   
2014-11-03 10:36:21 <Hibernate Validator 3.1.0.GA> - [org.hibernate.validator.Version]  - INFO   
2014-11-03 10:36:21 <Building new Hibernate SessionFactory> - [org.springframework.orm.hibernate3.annotation.AnnotationSessionFactoryBean]  - INFO   
2014-11-03 10:36:21 <Unable to find org.hibernate.search.event.FullTextIndexEventListener on the classpath. Hibernate Search is not enabled.> - [org.hibernate.cfg.search.HibernateSearchEventListenerRegister]  - INFO   
2014-11-03 10:36:21 <Initializing connection provider: org.springframework.orm.hibernate3.LocalDataSourceConnectionProvider> - [org.hibernate.connection.ConnectionProviderFactory]  - INFO   
2014-11-03 10:36:21 <RDBMS: MySQL, version: 5.6.11> - [org.hibernate.cfg.SettingsFactory]  - INFO   
2014-11-03 10:36:21 <JDBC driver: MySQL-AB JDBC Driver, version: mysql-connector-java-5.1.13 ( Revision: ${bzr.revision-id} )> - [org.hibernate.cfg.SettingsFactory]  - INFO   
2014-11-03 10:36:21 <Using dialect: org.hibernate.dialect.MySQLDialect> - [org.hibernate.dialect.Dialect]  - INFO   
2014-11-03 10:36:21 <Transaction strategy: org.springframework.orm.hibernate3.SpringTransactionFactory> - [org.hibernate.transaction.TransactionFactoryFactory]  - INFO   
2014-11-03 10:36:21 <No TransactionManagerLookup configured (in JTA environment, use of read-write or transactional second-level cache is not recommended)> - [org.hibernate.transaction.TransactionManagerLookupFactory]  - INFO   
2014-11-03 10:36:21 <Automatic flush during beforeCompletion(): disabled> - [org.hibernate.cfg.SettingsFactory]  - INFO   
2014-11-03 10:36:21 <Automatic session close at end of transaction: disabled> - [org.hibernate.cfg.SettingsFactory]  - INFO   
2014-11-03 10:36:21 <JDBC batch size: 15> - [org.hibernate.cfg.SettingsFactory]  - INFO   
2014-11-03 10:36:21 <JDBC batch updates for versioned data: disabled> - [org.hibernate.cfg.SettingsFactory]  - INFO   
2014-11-03 10:36:21 <Scrollable result sets: enabled> - [org.hibernate.cfg.SettingsFactory]  - INFO   
2014-11-03 10:36:21 <JDBC3 getGeneratedKeys(): enabled> - [org.hibernate.cfg.SettingsFactory]  - INFO   
2014-11-03 10:36:21 <Connection release mode: auto> - [org.hibernate.cfg.SettingsFactory]  - INFO   
2014-11-03 10:36:21 <Maximum outer join fetch depth: 2> - [org.hibernate.cfg.SettingsFactory]  - INFO   
2014-11-03 10:36:21 <Default batch fetch size: 1> - [org.hibernate.cfg.SettingsFactory]  - INFO   
2014-11-03 10:36:21 <Generate SQL with comments: disabled> - [org.hibernate.cfg.SettingsFactory]  - INFO   
2014-11-03 10:36:21 <Order SQL updates by primary key: disabled> - [org.hibernate.cfg.SettingsFactory]  - INFO   
2014-11-03 10:36:21 <Order SQL inserts for batching: disabled> - [org.hibernate.cfg.SettingsFactory]  - INFO   
2014-11-03 10:36:21 <Query translator: org.hibernate.hql.ast.ASTQueryTranslatorFactory> - [org.hibernate.cfg.SettingsFactory]  - INFO   
2014-11-03 10:36:21 <Using ASTQueryTranslatorFactory> - [org.hibernate.hql.ast.ASTQueryTranslatorFactory]  - INFO   
2014-11-03 10:36:21 <Query language substitutions: {}> - [org.hibernate.cfg.SettingsFactory]  - INFO   
2014-11-03 10:36:21 <JPA-QL strict compliance: disabled> - [org.hibernate.cfg.SettingsFactory]  - INFO   
2014-11-03 10:36:21 <Second-level cache: enabled> - [org.hibernate.cfg.SettingsFactory]  - INFO   
2014-11-03 10:36:21 <Query cache: disabled> - [org.hibernate.cfg.SettingsFactory]  - INFO   
2014-11-03 10:36:21 <Cache region factory : org.hibernate.cache.impl.NoCachingRegionFactory> - [org.hibernate.cfg.SettingsFactory]  - INFO   
2014-11-03 10:36:21 <Optimize cache for minimal puts: disabled> - [org.hibernate.cfg.SettingsFactory]  - INFO   
2014-11-03 10:36:21 <Structured second-level cache entries: disabled> - [org.hibernate.cfg.SettingsFactory]  - INFO   
2014-11-03 10:36:21 <Echoing all SQL to stdout> - [org.hibernate.cfg.SettingsFactory]  - INFO   
2014-11-03 10:36:21 <Statistics: disabled> - [org.hibernate.cfg.SettingsFactory]  - INFO   
2014-11-03 10:36:21 <Deleted entity synthetic identifier rollback: disabled> - [org.hibernate.cfg.SettingsFactory]  - INFO   
2014-11-03 10:36:21 <Default entity-mode: pojo> - [org.hibernate.cfg.SettingsFactory]  - INFO   
2014-11-03 10:36:21 <Named query checking : enabled> - [org.hibernate.cfg.SettingsFactory]  - INFO   
2014-11-03 10:36:21 <building session factory> - [org.hibernate.impl.SessionFactoryImpl]  - INFO   
2014-11-03 10:36:21 <Not binding factory to JNDI, no JNDI name configured> - [org.hibernate.impl.SessionFactoryObjectFactory]  - INFO   
2014-11-03 10:36:21 <Running hbm2ddl schema update> - [org.hibernate.tool.hbm2ddl.SchemaUpdate]  - INFO   
2014-11-03 10:36:21 <fetching database metadata> - [org.hibernate.tool.hbm2ddl.SchemaUpdate]  - INFO   
2014-11-03 10:36:21 <updating schema> - [org.hibernate.tool.hbm2ddl.SchemaUpdate]  - INFO   
2014-11-03 10:36:22 <table found: app.ss_menu> - [org.hibernate.tool.hbm2ddl.TableMetadata]  - INFO   
2014-11-03 10:36:22 <columns: [id, text, description, parent, node_id]> - [org.hibernate.tool.hbm2ddl.TableMetadata]  - INFO   
2014-11-03 10:36:22 <foreign keys: []> - [org.hibernate.tool.hbm2ddl.TableMetadata]  - INFO   
2014-11-03 10:36:22 <indexes: [primary]> - [org.hibernate.tool.hbm2ddl.TableMetadata]  - INFO   
2014-11-03 10:36:22 <schema update complete> - [org.hibernate.tool.hbm2ddl.SchemaUpdate]  - INFO   
2014-11-03 10:36:22 <Using DataSource [org.apache.commons.dbcp.BasicDataSource@3c8c4c5c] of Hibernate SessionFactory for HibernateTransactionManager> - [org.springframework.orm.hibernate3.HibernateTransactionManager]  - INFO   
2014-11-03 10:36:22 <Root WebApplicationContext: initialization completed in 2109 ms> - [org.springframework.web.context.ContextLoader]  - INFO   
2014-11-03 10:36:22 <Initializing Struts-Spring integration...> - [org.apache.struts2.spring.StrutsSpringObjectFactory]  - INFO   
2014-11-03 10:36:22 <... initialized Struts-Spring integration successfully> - [org.apache.struts2.spring.StrutsSpringObjectFactory]  - INFO   
2014-11-03 12:54:52 <Dispatcher initialization failed> - [org.apache.struts2.dispatcher.Dispatcher]  - ERROR   
Unable to load configuration. - [unknown location]
	at com.opensymphony.xwork2.config.ConfigurationManager.getConfiguration(ConfigurationManager.java:58)
	at org.apache.struts2.dispatcher.Dispatcher.init_PreloadConfiguration(Dispatcher.java:374)
	at org.apache.struts2.dispatcher.Dispatcher.init(Dispatcher.java:418)
	at org.apache.struts2.dispatcher.ng.InitOperations.initDispatcher(InitOperations.java:69)
	at org.apache.struts2.dispatcher.ng.filter.StrutsPrepareAndExecuteFilter.init(StrutsPrepareAndExecuteFilter.java:51)
	at org.apache.catalina.core.ApplicationFilterConfig.getFilter(ApplicationFilterConfig.java:295)
	at org.apache.catalina.core.ApplicationFilterConfig.setFilterDef(ApplicationFilterConfig.java:422)
	at org.apache.catalina.core.ApplicationFilterConfig.<init>(ApplicationFilterConfig.java:115)
	at org.apache.catalina.core.StandardContext.filterStart(StandardContext.java:4072)
	at org.apache.catalina.core.StandardContext.start(StandardContext.java:4726)
	at org.apache.catalina.core.ContainerBase.start(ContainerBase.java:1057)
	at org.apache.catalina.core.StandardHost.start(StandardHost.java:840)
	at org.apache.catalina.core.ContainerBase.start(ContainerBase.java:1057)
	at org.apache.catalina.core.StandardEngine.start(StandardEngine.java:463)
	at org.apache.catalina.core.StandardService.start(StandardService.java:525)
	at org.apache.catalina.core.StandardServer.start(StandardServer.java:754)
	at org.apache.catalina.startup.Catalina.start(Catalina.java:595)
	at sun.reflect.NativeMethodAccessorImpl.invoke0(Native Method)
	at sun.reflect.NativeMethodAccessorImpl.invoke(Unknown Source)
	at sun.reflect.DelegatingMethodAccessorImpl.invoke(Unknown Source)
	at java.lang.reflect.Method.invoke(Unknown Source)
	at org.apache.catalina.startup.Bootstrap.start(Bootstrap.java:289)
	at org.apache.catalina.startup.Bootstrap.main(Bootstrap.java:414)
Caused by: Unable to find interceptor class referenced by ref-name my - [unknown location]
	at com.opensymphony.xwork2.config.providers.InterceptorBuilder.constructInterceptorReference(InterceptorBuilder.java:52)
	at org.apache.struts2.convention.DefaultInterceptorMapBuilder.buildInterceptorList(DefaultInterceptorMapBuilder.java:99)
	at org.apache.struts2.convention.DefaultInterceptorMapBuilder.build(DefaultInterceptorMapBuilder.java:90)
	at org.apache.struts2.convention.DefaultInterceptorMapBuilder.build(DefaultInterceptorMapBuilder.java:63)
	at org.apache.struts2.convention.PackageBasedActionConfigBuilder.createActionConfig(PackageBasedActionConfigBuilder.java:796)
	at org.apache.struts2.convention.PackageBasedActionConfigBuilder.buildConfiguration(PackageBasedActionConfigBuilder.java:572)
	at org.apache.struts2.convention.PackageBasedActionConfigBuilder.buildActionConfigs(PackageBasedActionConfigBuilder.java:318)
	at org.apache.struts2.convention.ClasspathPackageProvider.loadPackages(ClasspathPackageProvider.java:53)
	at com.opensymphony.xwork2.config.impl.DefaultConfiguration.reloadContainer(DefaultConfiguration.java:204)
	at com.opensymphony.xwork2.config.ConfigurationManager.getConfiguration(ConfigurationManager.java:55)
	... 22 more
2014-11-03 12:57:26 <Dispatcher initialization failed> - [org.apache.struts2.dispatcher.Dispatcher]  - ERROR   
Unable to load configuration. - [unknown location]
	at com.opensymphony.xwork2.config.ConfigurationManager.getConfiguration(ConfigurationManager.java:58)
	at org.apache.struts2.dispatcher.Dispatcher.init_PreloadConfiguration(Dispatcher.java:374)
	at org.apache.struts2.dispatcher.Dispatcher.init(Dispatcher.java:418)
	at org.apache.struts2.dispatcher.ng.InitOperations.initDispatcher(InitOperations.java:69)
	at org.apache.struts2.dispatcher.ng.filter.StrutsPrepareAndExecuteFilter.init(StrutsPrepareAndExecuteFilter.java:51)
	at org.apache.catalina.core.ApplicationFilterConfig.getFilter(ApplicationFilterConfig.java:295)
	at org.apache.catalina.core.ApplicationFilterConfig.setFilterDef(ApplicationFilterConfig.java:422)
	at org.apache.catalina.core.ApplicationFilterConfig.<init>(ApplicationFilterConfig.java:115)
	at org.apache.catalina.core.StandardContext.filterStart(StandardContext.java:4072)
	at org.apache.catalina.core.StandardContext.start(StandardContext.java:4726)
	at org.apache.catalina.core.ContainerBase.start(ContainerBase.java:1057)
	at org.apache.catalina.core.StandardHost.start(StandardHost.java:840)
	at org.apache.catalina.core.ContainerBase.start(ContainerBase.java:1057)
	at org.apache.catalina.core.StandardEngine.start(StandardEngine.java:463)
	at org.apache.catalina.core.StandardService.start(StandardService.java:525)
	at org.apache.catalina.core.StandardServer.start(StandardServer.java:754)
	at org.apache.catalina.startup.Catalina.start(Catalina.java:595)
	at sun.reflect.NativeMethodAccessorImpl.invoke0(Native Method)
	at sun.reflect.NativeMethodAccessorImpl.invoke(Unknown Source)
	at sun.reflect.DelegatingMethodAccessorImpl.invoke(Unknown Source)
	at java.lang.reflect.Method.invoke(Unknown Source)
	at org.apache.catalina.startup.Bootstrap.start(Bootstrap.java:289)
	at org.apache.catalina.startup.Bootstrap.main(Bootstrap.java:414)
Caused by: Unable to find interceptor class referenced by ref-name my - [unknown location]
	at com.opensymphony.xwork2.config.providers.InterceptorBuilder.constructInterceptorReference(InterceptorBuilder.java:52)
	at org.apache.struts2.convention.DefaultInterceptorMapBuilder.buildInterceptorList(DefaultInterceptorMapBuilder.java:99)
	at org.apache.struts2.convention.DefaultInterceptorMapBuilder.build(DefaultInterceptorMapBuilder.java:90)
	at org.apache.struts2.convention.DefaultInterceptorMapBuilder.build(DefaultInterceptorMapBuilder.java:63)
	at org.apache.struts2.convention.PackageBasedActionConfigBuilder.createActionConfig(PackageBasedActionConfigBuilder.java:796)
	at org.apache.struts2.convention.PackageBasedActionConfigBuilder.buildConfiguration(PackageBasedActionConfigBuilder.java:572)
	at org.apache.struts2.convention.PackageBasedActionConfigBuilder.buildActionConfigs(PackageBasedActionConfigBuilder.java:318)
	at org.apache.struts2.convention.ClasspathPackageProvider.loadPackages(ClasspathPackageProvider.java:53)
	at com.opensymphony.xwork2.config.impl.DefaultConfiguration.reloadContainer(DefaultConfiguration.java:204)
	at com.opensymphony.xwork2.config.ConfigurationManager.getConfiguration(ConfigurationManager.java:55)
	... 22 more
2014-11-03 12:58:12 <Dispatcher initialization failed> - [org.apache.struts2.dispatcher.Dispatcher]  - ERROR   
Unable to load configuration. - [unknown location]
	at com.opensymphony.xwork2.config.ConfigurationManager.getConfiguration(ConfigurationManager.java:58)
	at org.apache.struts2.dispatcher.Dispatcher.init_PreloadConfiguration(Dispatcher.java:374)
	at org.apache.struts2.dispatcher.Dispatcher.init(Dispatcher.java:418)
	at org.apache.struts2.dispatcher.ng.InitOperations.initDispatcher(InitOperations.java:69)
	at org.apache.struts2.dispatcher.ng.filter.StrutsPrepareAndExecuteFilter.init(StrutsPrepareAndExecuteFilter.java:51)
	at org.apache.catalina.core.ApplicationFilterConfig.getFilter(ApplicationFilterConfig.java:295)
	at org.apache.catalina.core.ApplicationFilterConfig.setFilterDef(ApplicationFilterConfig.java:422)
	at org.apache.catalina.core.ApplicationFilterConfig.<init>(ApplicationFilterConfig.java:115)
	at org.apache.catalina.core.StandardContext.filterStart(StandardContext.java:4072)
	at org.apache.catalina.core.StandardContext.start(StandardContext.java:4726)
	at org.apache.catalina.core.ContainerBase.start(ContainerBase.java:1057)
	at org.apache.catalina.core.StandardHost.start(StandardHost.java:840)
	at org.apache.catalina.core.ContainerBase.start(ContainerBase.java:1057)
	at org.apache.catalina.core.StandardEngine.start(StandardEngine.java:463)
	at org.apache.catalina.core.StandardService.start(StandardService.java:525)
	at org.apache.catalina.core.StandardServer.start(StandardServer.java:754)
	at org.apache.catalina.startup.Catalina.start(Catalina.java:595)
	at sun.reflect.NativeMethodAccessorImpl.invoke0(Native Method)
	at sun.reflect.NativeMethodAccessorImpl.invoke(Unknown Source)
	at sun.reflect.DelegatingMethodAccessorImpl.invoke(Unknown Source)
	at java.lang.reflect.Method.invoke(Unknown Source)
	at org.apache.catalina.startup.Bootstrap.start(Bootstrap.java:289)
	at org.apache.catalina.startup.Bootstrap.main(Bootstrap.java:414)
Caused by: Unable to find interceptor class referenced by ref-name MyIntercept - [unknown location]
	at com.opensymphony.xwork2.config.providers.InterceptorBuilder.constructInterceptorReference(InterceptorBuilder.java:52)
	at org.apache.struts2.convention.DefaultInterceptorMapBuilder.buildInterceptorList(DefaultInterceptorMapBuilder.java:99)
	at org.apache.struts2.convention.DefaultInterceptorMapBuilder.build(DefaultInterceptorMapBuilder.java:90)
	at org.apache.struts2.convention.DefaultInterceptorMapBuilder.build(DefaultInterceptorMapBuilder.java:63)
	at org.apache.struts2.convention.PackageBasedActionConfigBuilder.createActionConfig(PackageBasedActionConfigBuilder.java:796)
	at org.apache.struts2.convention.PackageBasedActionConfigBuilder.buildConfiguration(PackageBasedActionConfigBuilder.java:572)
	at org.apache.struts2.convention.PackageBasedActionConfigBuilder.buildActionConfigs(PackageBasedActionConfigBuilder.java:318)
	at org.apache.struts2.convention.ClasspathPackageProvider.loadPackages(ClasspathPackageProvider.java:53)
	at com.opensymphony.xwork2.config.impl.DefaultConfiguration.reloadContainer(DefaultConfiguration.java:204)
	at com.opensymphony.xwork2.config.ConfigurationManager.getConfiguration(ConfigurationManager.java:55)
	... 22 more
2014-11-03 12:59:03 <Dispatcher initialization failed> - [org.apache.struts2.dispatcher.Dispatcher]  - ERROR   
Unable to load configuration. - [unknown location]
	at com.opensymphony.xwork2.config.ConfigurationManager.getConfiguration(ConfigurationManager.java:58)
	at org.apache.struts2.dispatcher.Dispatcher.init_PreloadConfiguration(Dispatcher.java:374)
	at org.apache.struts2.dispatcher.Dispatcher.init(Dispatcher.java:418)
	at org.apache.struts2.dispatcher.ng.InitOperations.initDispatcher(InitOperations.java:69)
	at org.apache.struts2.dispatcher.ng.filter.StrutsPrepareAndExecuteFilter.init(StrutsPrepareAndExecuteFilter.java:51)
	at org.apache.catalina.core.ApplicationFilterConfig.getFilter(ApplicationFilterConfig.java:295)
	at org.apache.catalina.core.ApplicationFilterConfig.setFilterDef(ApplicationFilterConfig.java:422)
	at org.apache.catalina.core.ApplicationFilterConfig.<init>(ApplicationFilterConfig.java:115)
	at org.apache.catalina.core.StandardContext.filterStart(StandardContext.java:4072)
	at org.apache.catalina.core.StandardContext.start(StandardContext.java:4726)
	at org.apache.catalina.core.ContainerBase.start(ContainerBase.java:1057)
	at org.apache.catalina.core.StandardHost.start(StandardHost.java:840)
	at org.apache.catalina.core.ContainerBase.start(ContainerBase.java:1057)
	at org.apache.catalina.core.StandardEngine.start(StandardEngine.java:463)
	at org.apache.catalina.core.StandardService.start(StandardService.java:525)
	at org.apache.catalina.core.StandardServer.start(StandardServer.java:754)
	at org.apache.catalina.startup.Catalina.start(Catalina.java:595)
	at sun.reflect.NativeMethodAccessorImpl.invoke0(Native Method)
	at sun.reflect.NativeMethodAccessorImpl.invoke(Unknown Source)
	at sun.reflect.DelegatingMethodAccessorImpl.invoke(Unknown Source)
	at java.lang.reflect.Method.invoke(Unknown Source)
	at org.apache.catalina.startup.Bootstrap.start(Bootstrap.java:289)
	at org.apache.catalina.startup.Bootstrap.main(Bootstrap.java:414)
Caused by: Unable to find interceptor class referenced by ref-name MyIntercept - [unknown location]
	at com.opensymphony.xwork2.config.providers.InterceptorBuilder.constructInterceptorReference(InterceptorBuilder.java:52)
	at org.apache.struts2.convention.DefaultInterceptorMapBuilder.buildInterceptorList(DefaultInterceptorMapBuilder.java:99)
	at org.apache.struts2.convention.DefaultInterceptorMapBuilder.build(DefaultInterceptorMapBuilder.java:90)
	at org.apache.struts2.convention.DefaultInterceptorMapBuilder.build(DefaultInterceptorMapBuilder.java:63)
	at org.apache.struts2.convention.PackageBasedActionConfigBuilder.createActionConfig(PackageBasedActionConfigBuilder.java:796)
	at org.apache.struts2.convention.PackageBasedActionConfigBuilder.buildConfiguration(PackageBasedActionConfigBuilder.java:572)
	at org.apache.struts2.convention.PackageBasedActionConfigBuilder.buildActionConfigs(PackageBasedActionConfigBuilder.java:318)
	at org.apache.struts2.convention.ClasspathPackageProvider.loadPackages(ClasspathPackageProvider.java:53)
	at com.opensymphony.xwork2.config.impl.DefaultConfiguration.reloadContainer(DefaultConfiguration.java:204)
	at com.opensymphony.xwork2.config.ConfigurationManager.getConfiguration(ConfigurationManager.java:55)
	... 22 more
2014-11-03 13:01:03 <Dispatcher initialization failed> - [org.apache.struts2.dispatcher.Dispatcher]  - ERROR   
Unable to load configuration. - [unknown location]
	at com.opensymphony.xwork2.config.ConfigurationManager.getConfiguration(ConfigurationManager.java:58)
	at org.apache.struts2.dispatcher.Dispatcher.init_PreloadConfiguration(Dispatcher.java:374)
	at org.apache.struts2.dispatcher.Dispatcher.init(Dispatcher.java:418)
	at org.apache.struts2.dispatcher.ng.InitOperations.initDispatcher(InitOperations.java:69)
	at org.apache.struts2.dispatcher.ng.filter.StrutsPrepareAndExecuteFilter.init(StrutsPrepareAndExecuteFilter.java:51)
	at org.apache.catalina.core.ApplicationFilterConfig.getFilter(ApplicationFilterConfig.java:295)
	at org.apache.catalina.core.ApplicationFilterConfig.setFilterDef(ApplicationFilterConfig.java:422)
	at org.apache.catalina.core.ApplicationFilterConfig.<init>(ApplicationFilterConfig.java:115)
	at org.apache.catalina.core.StandardContext.filterStart(StandardContext.java:4072)
	at org.apache.catalina.core.StandardContext.start(StandardContext.java:4726)
	at org.apache.catalina.core.ContainerBase.start(ContainerBase.java:1057)
	at org.apache.catalina.core.StandardHost.start(StandardHost.java:840)
	at org.apache.catalina.core.ContainerBase.start(ContainerBase.java:1057)
	at org.apache.catalina.core.StandardEngine.start(StandardEngine.java:463)
	at org.apache.catalina.core.StandardService.start(StandardService.java:525)
	at org.apache.catalina.core.StandardServer.start(StandardServer.java:754)
	at org.apache.catalina.startup.Catalina.start(Catalina.java:595)
	at sun.reflect.NativeMethodAccessorImpl.invoke0(Native Method)
	at sun.reflect.NativeMethodAccessorImpl.invoke(Unknown Source)
	at sun.reflect.DelegatingMethodAccessorImpl.invoke(Unknown Source)
	at java.lang.reflect.Method.invoke(Unknown Source)
	at org.apache.catalina.startup.Bootstrap.start(Bootstrap.java:289)
	at org.apache.catalina.startup.Bootstrap.main(Bootstrap.java:414)
Caused by: Unable to find interceptor class referenced by ref-name MyIntercept - [unknown location]
	at com.opensymphony.xwork2.config.providers.InterceptorBuilder.constructInterceptorReference(InterceptorBuilder.java:52)
	at org.apache.struts2.convention.DefaultInterceptorMapBuilder.buildInterceptorList(DefaultInterceptorMapBuilder.java:99)
	at org.apache.struts2.convention.DefaultInterceptorMapBuilder.build(DefaultInterceptorMapBuilder.java:90)
	at org.apache.struts2.convention.DefaultInterceptorMapBuilder.build(DefaultInterceptorMapBuilder.java:63)
	at org.apache.struts2.convention.PackageBasedActionConfigBuilder.createActionConfig(PackageBasedActionConfigBuilder.java:796)
	at org.apache.struts2.convention.PackageBasedActionConfigBuilder.buildConfiguration(PackageBasedActionConfigBuilder.java:572)
	at org.apache.struts2.convention.PackageBasedActionConfigBuilder.buildActionConfigs(PackageBasedActionConfigBuilder.java:318)
	at org.apache.struts2.convention.ClasspathPackageProvider.loadPackages(ClasspathPackageProvider.java:53)
	at com.opensymphony.xwork2.config.impl.DefaultConfiguration.reloadContainer(DefaultConfiguration.java:204)
	at com.opensymphony.xwork2.config.ConfigurationManager.getConfiguration(ConfigurationManager.java:55)
	... 22 more
2014-11-03 13:02:58 <Dispatcher initialization failed> - [org.apache.struts2.dispatcher.Dispatcher]  - ERROR   
Unable to load configuration. - [unknown location]
	at com.opensymphony.xwork2.config.ConfigurationManager.getConfiguration(ConfigurationManager.java:58)
	at org.apache.struts2.dispatcher.Dispatcher.init_PreloadConfiguration(Dispatcher.java:374)
	at org.apache.struts2.dispatcher.Dispatcher.init(Dispatcher.java:418)
	at org.apache.struts2.dispatcher.ng.InitOperations.initDispatcher(InitOperations.java:69)
	at org.apache.struts2.dispatcher.ng.filter.StrutsPrepareAndExecuteFilter.init(StrutsPrepareAndExecuteFilter.java:51)
	at org.apache.catalina.core.ApplicationFilterConfig.getFilter(ApplicationFilterConfig.java:295)
	at org.apache.catalina.core.ApplicationFilterConfig.setFilterDef(ApplicationFilterConfig.java:422)
	at org.apache.catalina.core.ApplicationFilterConfig.<init>(ApplicationFilterConfig.java:115)
	at org.apache.catalina.core.StandardContext.filterStart(StandardContext.java:4072)
	at org.apache.catalina.core.StandardContext.start(StandardContext.java:4726)
	at org.apache.catalina.core.ContainerBase.start(ContainerBase.java:1057)
	at org.apache.catalina.core.StandardHost.start(StandardHost.java:840)
	at org.apache.catalina.core.ContainerBase.start(ContainerBase.java:1057)
	at org.apache.catalina.core.StandardEngine.start(StandardEngine.java:463)
	at org.apache.catalina.core.StandardService.start(StandardService.java:525)
	at org.apache.catalina.core.StandardServer.start(StandardServer.java:754)
	at org.apache.catalina.startup.Catalina.start(Catalina.java:595)
	at sun.reflect.NativeMethodAccessorImpl.invoke0(Native Method)
	at sun.reflect.NativeMethodAccessorImpl.invoke(Unknown Source)
	at sun.reflect.DelegatingMethodAccessorImpl.invoke(Unknown Source)
	at java.lang.reflect.Method.invoke(Unknown Source)
	at org.apache.catalina.startup.Bootstrap.start(Bootstrap.java:289)
	at org.apache.catalina.startup.Bootstrap.main(Bootstrap.java:414)
Caused by: Unable to find interceptor class referenced by ref-name MyIntercept - [unknown location]
	at com.opensymphony.xwork2.config.providers.InterceptorBuilder.constructInterceptorReference(InterceptorBuilder.java:52)
	at org.apache.struts2.convention.DefaultInterceptorMapBuilder.buildInterceptorList(DefaultInterceptorMapBuilder.java:99)
	at org.apache.struts2.convention.DefaultInterceptorMapBuilder.build(DefaultInterceptorMapBuilder.java:90)
	at org.apache.struts2.convention.DefaultInterceptorMapBuilder.build(DefaultInterceptorMapBuilder.java:63)
	at org.apache.struts2.convention.PackageBasedActionConfigBuilder.createActionConfig(PackageBasedActionConfigBuilder.java:796)
	at org.apache.struts2.convention.PackageBasedActionConfigBuilder.buildConfiguration(PackageBasedActionConfigBuilder.java:572)
	at org.apache.struts2.convention.PackageBasedActionConfigBuilder.buildActionConfigs(PackageBasedActionConfigBuilder.java:318)
	at org.apache.struts2.convention.ClasspathPackageProvider.loadPackages(ClasspathPackageProvider.java:53)
	at com.opensymphony.xwork2.config.impl.DefaultConfiguration.reloadContainer(DefaultConfiguration.java:204)
	at com.opensymphony.xwork2.config.ConfigurationManager.getConfiguration(ConfigurationManager.java:55)
	... 22 more
2014-11-03 13:08:15 <Dispatcher initialization failed> - [org.apache.struts2.dispatcher.Dispatcher]  - ERROR   
Unable to load configuration. - [unknown location]
	at com.opensymphony.xwork2.config.ConfigurationManager.getConfiguration(ConfigurationManager.java:58)
	at org.apache.struts2.dispatcher.Dispatcher.init_PreloadConfiguration(Dispatcher.java:374)
	at org.apache.struts2.dispatcher.Dispatcher.init(Dispatcher.java:418)
	at org.apache.struts2.dispatcher.ng.InitOperations.initDispatcher(InitOperations.java:69)
	at org.apache.struts2.dispatcher.ng.filter.StrutsPrepareAndExecuteFilter.init(StrutsPrepareAndExecuteFilter.java:51)
	at org.apache.catalina.core.ApplicationFilterConfig.getFilter(ApplicationFilterConfig.java:295)
	at org.apache.catalina.core.ApplicationFilterConfig.setFilterDef(ApplicationFilterConfig.java:422)
	at org.apache.catalina.core.ApplicationFilterConfig.<init>(ApplicationFilterConfig.java:115)
	at org.apache.catalina.core.StandardContext.filterStart(StandardContext.java:4072)
	at org.apache.catalina.core.StandardContext.start(StandardContext.java:4726)
	at org.apache.catalina.core.ContainerBase.start(ContainerBase.java:1057)
	at org.apache.catalina.core.StandardHost.start(StandardHost.java:840)
	at org.apache.catalina.core.ContainerBase.start(ContainerBase.java:1057)
	at org.apache.catalina.core.StandardEngine.start(StandardEngine.java:463)
	at org.apache.catalina.core.StandardService.start(StandardService.java:525)
	at org.apache.catalina.core.StandardServer.start(StandardServer.java:754)
	at org.apache.catalina.startup.Catalina.start(Catalina.java:595)
	at sun.reflect.NativeMethodAccessorImpl.invoke0(Native Method)
	at sun.reflect.NativeMethodAccessorImpl.invoke(Unknown Source)
	at sun.reflect.DelegatingMethodAccessorImpl.invoke(Unknown Source)
	at java.lang.reflect.Method.invoke(Unknown Source)
	at org.apache.catalina.startup.Bootstrap.start(Bootstrap.java:289)
	at org.apache.catalina.startup.Bootstrap.main(Bootstrap.java:414)
Caused by: Unable to find interceptor class referenced by ref-name MyIntercept - [unknown location]
	at com.opensymphony.xwork2.config.providers.InterceptorBuilder.constructInterceptorReference(InterceptorBuilder.java:52)
	at org.apache.struts2.convention.DefaultInterceptorMapBuilder.buildInterceptorList(DefaultInterceptorMapBuilder.java:99)
	at org.apache.struts2.convention.DefaultInterceptorMapBuilder.build(DefaultInterceptorMapBuilder.java:90)
	at org.apache.struts2.convention.DefaultInterceptorMapBuilder.build(DefaultInterceptorMapBuilder.java:63)
	at org.apache.struts2.convention.PackageBasedActionConfigBuilder.createActionConfig(PackageBasedActionConfigBuilder.java:796)
	at org.apache.struts2.convention.PackageBasedActionConfigBuilder.buildConfiguration(PackageBasedActionConfigBuilder.java:572)
	at org.apache.struts2.convention.PackageBasedActionConfigBuilder.buildActionConfigs(PackageBasedActionConfigBuilder.java:318)
	at org.apache.struts2.convention.ClasspathPackageProvider.loadPackages(ClasspathPackageProvider.java:53)
	at com.opensymphony.xwork2.config.impl.DefaultConfiguration.reloadContainer(DefaultConfiguration.java:204)
	at com.opensymphony.xwork2.config.ConfigurationManager.getConfiguration(ConfigurationManager.java:55)
	... 22 more
2014-11-03 13:16:17 <Dispatcher initialization failed> - [org.apache.struts2.dispatcher.Dispatcher]  - ERROR   
Unable to load configuration. - [unknown location]
	at com.opensymphony.xwork2.config.ConfigurationManager.getConfiguration(ConfigurationManager.java:58)
	at org.apache.struts2.dispatcher.Dispatcher.init_PreloadConfiguration(Dispatcher.java:374)
	at org.apache.struts2.dispatcher.Dispatcher.init(Dispatcher.java:418)
	at org.apache.struts2.dispatcher.ng.InitOperations.initDispatcher(InitOperations.java:69)
	at org.apache.struts2.dispatcher.ng.filter.StrutsPrepareAndExecuteFilter.init(StrutsPrepareAndExecuteFilter.java:51)
	at org.apache.catalina.core.ApplicationFilterConfig.getFilter(ApplicationFilterConfig.java:295)
	at org.apache.catalina.core.ApplicationFilterConfig.setFilterDef(ApplicationFilterConfig.java:422)
	at org.apache.catalina.core.ApplicationFilterConfig.<init>(ApplicationFilterConfig.java:115)
	at org.apache.catalina.core.StandardContext.filterStart(StandardContext.java:4072)
	at org.apache.catalina.core.StandardContext.start(StandardContext.java:4726)
	at org.apache.catalina.core.ContainerBase.start(ContainerBase.java:1057)
	at org.apache.catalina.core.StandardHost.start(StandardHost.java:840)
	at org.apache.catalina.core.ContainerBase.start(ContainerBase.java:1057)
	at org.apache.catalina.core.StandardEngine.start(StandardEngine.java:463)
	at org.apache.catalina.core.StandardService.start(StandardService.java:525)
	at org.apache.catalina.core.StandardServer.start(StandardServer.java:754)
	at org.apache.catalina.startup.Catalina.start(Catalina.java:595)
	at sun.reflect.NativeMethodAccessorImpl.invoke0(Native Method)
	at sun.reflect.NativeMethodAccessorImpl.invoke(Unknown Source)
	at sun.reflect.DelegatingMethodAccessorImpl.invoke(Unknown Source)
	at java.lang.reflect.Method.invoke(Unknown Source)
	at org.apache.catalina.startup.Bootstrap.start(Bootstrap.java:289)
	at org.apache.catalina.startup.Bootstrap.main(Bootstrap.java:414)
Caused by: Unable to find interceptor class referenced by ref-name MyIntercept - [unknown location]
	at com.opensymphony.xwork2.config.providers.InterceptorBuilder.constructInterceptorReference(InterceptorBuilder.java:52)
	at org.apache.struts2.convention.DefaultInterceptorMapBuilder.buildInterceptorList(DefaultInterceptorMapBuilder.java:99)
	at org.apache.struts2.convention.DefaultInterceptorMapBuilder.build(DefaultInterceptorMapBuilder.java:90)
	at org.apache.struts2.convention.DefaultInterceptorMapBuilder.build(DefaultInterceptorMapBuilder.java:63)
	at org.apache.struts2.convention.PackageBasedActionConfigBuilder.createActionConfig(PackageBasedActionConfigBuilder.java:796)
	at org.apache.struts2.convention.PackageBasedActionConfigBuilder.buildConfiguration(PackageBasedActionConfigBuilder.java:572)
	at org.apache.struts2.convention.PackageBasedActionConfigBuilder.buildActionConfigs(PackageBasedActionConfigBuilder.java:318)
	at org.apache.struts2.convention.ClasspathPackageProvider.loadPackages(ClasspathPackageProvider.java:53)
	at com.opensymphony.xwork2.config.impl.DefaultConfiguration.reloadContainer(DefaultConfiguration.java:204)
	at com.opensymphony.xwork2.config.ConfigurationManager.getConfiguration(ConfigurationManager.java:55)
	... 22 more
2014-11-03 13:38:30 <Dispatcher initialization failed> - [org.apache.struts2.dispatcher.Dispatcher]  - ERROR   
Unable to load configuration. - [unknown location]
	at com.opensymphony.xwork2.config.ConfigurationManager.getConfiguration(ConfigurationManager.java:58)
	at org.apache.struts2.dispatcher.Dispatcher.init_PreloadConfiguration(Dispatcher.java:374)
	at org.apache.struts2.dispatcher.Dispatcher.init(Dispatcher.java:418)
	at org.apache.struts2.dispatcher.ng.InitOperations.initDispatcher(InitOperations.java:69)
	at org.apache.struts2.dispatcher.ng.filter.StrutsPrepareAndExecuteFilter.init(StrutsPrepareAndExecuteFilter.java:51)
	at org.apache.catalina.core.ApplicationFilterConfig.getFilter(ApplicationFilterConfig.java:295)
	at org.apache.catalina.core.ApplicationFilterConfig.setFilterDef(ApplicationFilterConfig.java:422)
	at org.apache.catalina.core.ApplicationFilterConfig.<init>(ApplicationFilterConfig.java:115)
	at org.apache.catalina.core.StandardContext.filterStart(StandardContext.java:4072)
	at org.apache.catalina.core.StandardContext.start(StandardContext.java:4726)
	at org.apache.catalina.core.ContainerBase.start(ContainerBase.java:1057)
	at org.apache.catalina.core.StandardHost.start(StandardHost.java:840)
	at org.apache.catalina.core.ContainerBase.start(ContainerBase.java:1057)
	at org.apache.catalina.core.StandardEngine.start(StandardEngine.java:463)
	at org.apache.catalina.core.StandardService.start(StandardService.java:525)
	at org.apache.catalina.core.StandardServer.start(StandardServer.java:754)
	at org.apache.catalina.startup.Catalina.start(Catalina.java:595)
	at sun.reflect.NativeMethodAccessorImpl.invoke0(Native Method)
	at sun.reflect.NativeMethodAccessorImpl.invoke(Unknown Source)
	at sun.reflect.DelegatingMethodAccessorImpl.invoke(Unknown Source)
	at java.lang.reflect.Method.invoke(Unknown Source)
	at org.apache.catalina.startup.Bootstrap.start(Bootstrap.java:289)
	at org.apache.catalina.startup.Bootstrap.main(Bootstrap.java:414)
Caused by: Unable to find interceptor class referenced by ref-name MyIntercept - [unknown location]
	at com.opensymphony.xwork2.config.providers.InterceptorBuilder.constructInterceptorReference(InterceptorBuilder.java:52)
	at org.apache.struts2.convention.DefaultInterceptorMapBuilder.buildInterceptorList(DefaultInterceptorMapBuilder.java:99)
	at org.apache.struts2.convention.DefaultInterceptorMapBuilder.build(DefaultInterceptorMapBuilder.java:90)
	at org.apache.struts2.convention.DefaultInterceptorMapBuilder.build(DefaultInterceptorMapBuilder.java:63)
	at org.apache.struts2.convention.PackageBasedActionConfigBuilder.createActionConfig(PackageBasedActionConfigBuilder.java:796)
	at org.apache.struts2.convention.PackageBasedActionConfigBuilder.buildConfiguration(PackageBasedActionConfigBuilder.java:572)
	at org.apache.struts2.convention.PackageBasedActionConfigBuilder.buildActionConfigs(PackageBasedActionConfigBuilder.java:318)
	at org.apache.struts2.convention.ClasspathPackageProvider.loadPackages(ClasspathPackageProvider.java:53)
	at com.opensymphony.xwork2.config.impl.DefaultConfiguration.reloadContainer(DefaultConfiguration.java:204)
	at com.opensymphony.xwork2.config.ConfigurationManager.getConfiguration(ConfigurationManager.java:55)
	... 22 more
2014-11-03 15:36:15 <Dispatcher initialization failed> - [org.apache.struts2.dispatcher.Dispatcher]  - ERROR   
Unable to load configuration. - [unknown location]
	at com.opensymphony.xwork2.config.ConfigurationManager.getConfiguration(ConfigurationManager.java:58)
	at org.apache.struts2.dispatcher.Dispatcher.init_PreloadConfiguration(Dispatcher.java:374)
	at org.apache.struts2.dispatcher.Dispatcher.init(Dispatcher.java:418)
	at org.apache.struts2.dispatcher.ng.InitOperations.initDispatcher(InitOperations.java:69)
	at org.apache.struts2.dispatcher.ng.filter.StrutsPrepareAndExecuteFilter.init(StrutsPrepareAndExecuteFilter.java:51)
	at org.apache.catalina.core.ApplicationFilterConfig.getFilter(ApplicationFilterConfig.java:295)
	at org.apache.catalina.core.ApplicationFilterConfig.setFilterDef(ApplicationFilterConfig.java:422)
	at org.apache.catalina.core.ApplicationFilterConfig.<init>(ApplicationFilterConfig.java:115)
	at org.apache.catalina.core.StandardContext.filterStart(StandardContext.java:4072)
	at org.apache.catalina.core.StandardContext.start(StandardContext.java:4726)
	at org.apache.catalina.core.ContainerBase.start(ContainerBase.java:1057)
	at org.apache.catalina.core.StandardHost.start(StandardHost.java:840)
	at org.apache.catalina.core.ContainerBase.start(ContainerBase.java:1057)
	at org.apache.catalina.core.StandardEngine.start(StandardEngine.java:463)
	at org.apache.catalina.core.StandardService.start(StandardService.java:525)
	at org.apache.catalina.core.StandardServer.start(StandardServer.java:754)
	at org.apache.catalina.startup.Catalina.start(Catalina.java:595)
	at sun.reflect.NativeMethodAccessorImpl.invoke0(Native Method)
	at sun.reflect.NativeMethodAccessorImpl.invoke(Unknown Source)
	at sun.reflect.DelegatingMethodAccessorImpl.invoke(Unknown Source)
	at java.lang.reflect.Method.invoke(Unknown Source)
	at org.apache.catalina.startup.Bootstrap.start(Bootstrap.java:289)
	at org.apache.catalina.startup.Bootstrap.main(Bootstrap.java:414)
Caused by: Unable to find interceptor class referenced by ref-name MyIntercept - [unknown location]
	at com.opensymphony.xwork2.config.providers.InterceptorBuilder.constructInterceptorReference(InterceptorBuilder.java:52)
	at org.apache.struts2.convention.DefaultInterceptorMapBuilder.buildInterceptorList(DefaultInterceptorMapBuilder.java:99)
	at org.apache.struts2.convention.DefaultInterceptorMapBuilder.build(DefaultInterceptorMapBuilder.java:90)
	at org.apache.struts2.convention.DefaultInterceptorMapBuilder.build(DefaultInterceptorMapBuilder.java:63)
	at org.apache.struts2.convention.PackageBasedActionConfigBuilder.createActionConfig(PackageBasedActionConfigBuilder.java:796)
	at org.apache.struts2.convention.PackageBasedActionConfigBuilder.buildConfiguration(PackageBasedActionConfigBuilder.java:572)
	at org.apache.struts2.convention.PackageBasedActionConfigBuilder.buildActionConfigs(PackageBasedActionConfigBuilder.java:318)
	at org.apache.struts2.convention.ClasspathPackageProvider.loadPackages(ClasspathPackageProvider.java:53)
	at com.opensymphony.xwork2.config.impl.DefaultConfiguration.reloadContainer(DefaultConfiguration.java:204)
	at com.opensymphony.xwork2.config.ConfigurationManager.getConfiguration(ConfigurationManager.java:55)
	... 22 more
2014-11-03 15:44:00 <Dispatcher initialization failed> - [org.apache.struts2.dispatcher.Dispatcher]  - ERROR   
Unable to load configuration. - [unknown location]
	at com.opensymphony.xwork2.config.ConfigurationManager.getConfiguration(ConfigurationManager.java:58)
	at org.apache.struts2.dispatcher.Dispatcher.init_PreloadConfiguration(Dispatcher.java:374)
	at org.apache.struts2.dispatcher.Dispatcher.init(Dispatcher.java:418)
	at org.apache.struts2.dispatcher.ng.InitOperations.initDispatcher(InitOperations.java:69)
	at org.apache.struts2.dispatcher.ng.filter.StrutsPrepareAndExecuteFilter.init(StrutsPrepareAndExecuteFilter.java:51)
	at org.apache.catalina.core.ApplicationFilterConfig.getFilter(ApplicationFilterConfig.java:295)
	at org.apache.catalina.core.ApplicationFilterConfig.setFilterDef(ApplicationFilterConfig.java:422)
	at org.apache.catalina.core.ApplicationFilterConfig.<init>(ApplicationFilterConfig.java:115)
	at org.apache.catalina.core.StandardContext.filterStart(StandardContext.java:4072)
	at org.apache.catalina.core.StandardContext.start(StandardContext.java:4726)
	at org.apache.catalina.core.ContainerBase.start(ContainerBase.java:1057)
	at org.apache.catalina.core.StandardHost.start(StandardHost.java:840)
	at org.apache.catalina.core.ContainerBase.start(ContainerBase.java:1057)
	at org.apache.catalina.core.StandardEngine.start(StandardEngine.java:463)
	at org.apache.catalina.core.StandardService.start(StandardService.java:525)
	at org.apache.catalina.core.StandardServer.start(StandardServer.java:754)
	at org.apache.catalina.startup.Catalina.start(Catalina.java:595)
	at sun.reflect.NativeMethodAccessorImpl.invoke0(Native Method)
	at sun.reflect.NativeMethodAccessorImpl.invoke(Unknown Source)
	at sun.reflect.DelegatingMethodAccessorImpl.invoke(Unknown Source)
	at java.lang.reflect.Method.invoke(Unknown Source)
	at org.apache.catalina.startup.Bootstrap.start(Bootstrap.java:289)
	at org.apache.catalina.startup.Bootstrap.main(Bootstrap.java:414)
Caused by: Unable to locate parent package [struts-interceptor] - [unknown location]
	at org.apache.struts2.convention.PackageBasedActionConfigBuilder.getPackageConfig(PackageBasedActionConfigBuilder.java:887)
	at org.apache.struts2.convention.PackageBasedActionConfigBuilder.buildConfiguration(PackageBasedActionConfigBuilder.java:536)
	at org.apache.struts2.convention.PackageBasedActionConfigBuilder.buildActionConfigs(PackageBasedActionConfigBuilder.java:318)
	at org.apache.struts2.convention.ClasspathPackageProvider.loadPackages(ClasspathPackageProvider.java:53)
	at com.opensymphony.xwork2.config.impl.DefaultConfiguration.reloadContainer(DefaultConfiguration.java:204)
	at com.opensymphony.xwork2.config.ConfigurationManager.getConfiguration(ConfigurationManager.java:55)
	... 22 more
2014-11-03 15:44:56 <Dispatcher initialization failed> - [org.apache.struts2.dispatcher.Dispatcher]  - ERROR   
Unable to load configuration. - [unknown location]
	at com.opensymphony.xwork2.config.ConfigurationManager.getConfiguration(ConfigurationManager.java:58)
	at org.apache.struts2.dispatcher.Dispatcher.init_PreloadConfiguration(Dispatcher.java:374)
	at org.apache.struts2.dispatcher.Dispatcher.init(Dispatcher.java:418)
	at org.apache.struts2.dispatcher.ng.InitOperations.initDispatcher(InitOperations.java:69)
	at org.apache.struts2.dispatcher.ng.filter.StrutsPrepareAndExecuteFilter.init(StrutsPrepareAndExecuteFilter.java:51)
	at org.apache.catalina.core.ApplicationFilterConfig.getFilter(ApplicationFilterConfig.java:295)
	at org.apache.catalina.core.ApplicationFilterConfig.setFilterDef(ApplicationFilterConfig.java:422)
	at org.apache.catalina.core.ApplicationFilterConfig.<init>(ApplicationFilterConfig.java:115)
	at org.apache.catalina.core.StandardContext.filterStart(StandardContext.java:4072)
	at org.apache.catalina.core.StandardContext.start(StandardContext.java:4726)
	at org.apache.catalina.core.ContainerBase.start(ContainerBase.java:1057)
	at org.apache.catalina.core.StandardHost.start(StandardHost.java:840)
	at org.apache.catalina.core.ContainerBase.start(ContainerBase.java:1057)
	at org.apache.catalina.core.StandardEngine.start(StandardEngine.java:463)
	at org.apache.catalina.core.StandardService.start(StandardService.java:525)
	at org.apache.catalina.core.StandardServer.start(StandardServer.java:754)
	at org.apache.catalina.startup.Catalina.start(Catalina.java:595)
	at sun.reflect.NativeMethodAccessorImpl.invoke0(Native Method)
	at sun.reflect.NativeMethodAccessorImpl.invoke(Unknown Source)
	at sun.reflect.DelegatingMethodAccessorImpl.invoke(Unknown Source)
	at java.lang.reflect.Method.invoke(Unknown Source)
	at org.apache.catalina.startup.Bootstrap.start(Bootstrap.java:289)
	at org.apache.catalina.startup.Bootstrap.main(Bootstrap.java:414)
Caused by: Unable to locate parent package [struts-interceptor] - [unknown location]
	at org.apache.struts2.convention.PackageBasedActionConfigBuilder.getPackageConfig(PackageBasedActionConfigBuilder.java:887)
	at org.apache.struts2.convention.PackageBasedActionConfigBuilder.buildConfiguration(PackageBasedActionConfigBuilder.java:536)
	at org.apache.struts2.convention.PackageBasedActionConfigBuilder.buildActionConfigs(PackageBasedActionConfigBuilder.java:318)
	at org.apache.struts2.convention.ClasspathPackageProvider.loadPackages(ClasspathPackageProvider.java:53)
	at com.opensymphony.xwork2.config.impl.DefaultConfiguration.reloadContainer(DefaultConfiguration.java:204)
	at com.opensymphony.xwork2.config.ConfigurationManager.getConfiguration(ConfigurationManager.java:55)
	... 22 more
