2014-10-30 22:40:34 <Root WebApplicationContext: initialization started> - [org.springframework.web.context.ContextLoader]  - INFO   
2014-10-30 22:40:34 <Refreshing Root WebApplicationContext: startup date [Thu Oct 30 22:40:34 CST 2014]; root of context hierarchy> - [org.springframework.web.context.support.XmlWebApplicationContext]  - INFO   
2014-10-30 22:40:34 <Loading XML bean definitions from class path resource [applicationContext.xml]> - [org.springframework.beans.factory.xml.XmlBeanDefinitionReader]  - INFO   
2014-10-30 22:40:34 <JSR-250 'javax.annotation.ManagedBean' found and supported for component scanning> - [org.springframework.context.annotation.ClassPathBeanDefinitionScanner]  - INFO   
2014-10-30 22:40:34 <Loading properties file from class path resource [jdbc.properties]> - [org.springframework.beans.factory.config.PropertyPlaceholderConfigurer]  - INFO   
2014-10-30 22:40:34 <Pre-instantiating singletons in org.springframework.beans.factory.support.DefaultListableBeanFactory@32980736: defining beans [org.springframework.context.annotation.internalConfigurationAnnotationProcessor,org.springframework.context.annotation.internalAutowiredAnnotationProcessor,org.springframework.context.annotation.internalRequiredAnnotationProcessor,org.springframework.context.annotation.internalCommonAnnotationProcessor,org.springframework.context.annotation.internalPersistenceAnnotationProcessor,menuDao,menuService,org.springframework.aop.config.internalAutoProxyCreator,propertyConfigurer,dataSource,sessionFactory,transactionManager,txAdvice,myTest,org.springframework.aop.support.DefaultBeanFactoryPointcutAdvisor#0]; root of factory hierarchy> - [org.springframework.beans.factory.support.DefaultListableBeanFactory]  - INFO   
2014-10-30 22:40:35 <Hibernate Annotations 3.4.0.GA> - [org.hibernate.cfg.annotations.Version]  - INFO   
2014-10-30 22:40:35 <Hibernate 3.3.2.GA> - [org.hibernate.cfg.Environment]  - INFO   
2014-10-30 22:40:35 <hibernate.properties not found> - [org.hibernate.cfg.Environment]  - INFO   
2014-10-30 22:40:35 <Bytecode provider name : javassist> - [org.hibernate.cfg.Environment]  - INFO   
2014-10-30 22:40:35 <using JDK 1.4 java.sql.Timestamp handling> - [org.hibernate.cfg.Environment]  - INFO   
2014-10-30 22:40:35 <Hibernate Commons Annotations 3.1.0.GA> - [org.hibernate.annotations.common.Version]  - INFO   
2014-10-30 22:40:35 <Binding entity from annotated class: com.skss.app.entity.Menu> - [org.hibernate.cfg.AnnotationBinder]  - INFO   
2014-10-30 22:40:35 <Bind entity com.skss.app.entity.Menu on table ss_menu> - [org.hibernate.cfg.annotations.EntityBinder]  - INFO   
2014-10-30 22:40:35 <Hibernate Validator 3.1.0.GA> - [org.hibernate.validator.Version]  - INFO   
2014-10-30 22:40:35 <Building new Hibernate SessionFactory> - [org.springframework.orm.hibernate3.annotation.AnnotationSessionFactoryBean]  - INFO   
2014-10-30 22:40:35 <Unable to find org.hibernate.search.event.FullTextIndexEventListener on the classpath. Hibernate Search is not enabled.> - [org.hibernate.cfg.search.HibernateSearchEventListenerRegister]  - INFO   
2014-10-30 22:40:35 <Initializing connection provider: org.springframework.orm.hibernate3.LocalDataSourceConnectionProvider> - [org.hibernate.connection.ConnectionProviderFactory]  - INFO   
2014-10-30 22:40:35 <RDBMS: MySQL, version: 5.1.63> - [org.hibernate.cfg.SettingsFactory]  - INFO   
2014-10-30 22:40:35 <JDBC driver: MySQL-AB JDBC Driver, version: mysql-connector-java-5.1.13 ( Revision: ${bzr.revision-id} )> - [org.hibernate.cfg.SettingsFactory]  - INFO   
2014-10-30 22:40:35 <Using dialect: org.hibernate.dialect.MySQLDialect> - [org.hibernate.dialect.Dialect]  - INFO   
2014-10-30 22:40:35 <Transaction strategy: org.springframework.orm.hibernate3.SpringTransactionFactory> - [org.hibernate.transaction.TransactionFactoryFactory]  - INFO   
2014-10-30 22:40:35 <No TransactionManagerLookup configured (in JTA environment, use of read-write or transactional second-level cache is not recommended)> - [org.hibernate.transaction.TransactionManagerLookupFactory]  - INFO   
2014-10-30 22:40:35 <Automatic flush during beforeCompletion(): disabled> - [org.hibernate.cfg.SettingsFactory]  - INFO   
2014-10-30 22:40:35 <Automatic session close at end of transaction: disabled> - [org.hibernate.cfg.SettingsFactory]  - INFO   
2014-10-30 22:40:35 <JDBC batch size: 15> - [org.hibernate.cfg.SettingsFactory]  - INFO   
2014-10-30 22:40:35 <JDBC batch updates for versioned data: disabled> - [org.hibernate.cfg.SettingsFactory]  - INFO   
2014-10-30 22:40:35 <Scrollable result sets: enabled> - [org.hibernate.cfg.SettingsFactory]  - INFO   
2014-10-30 22:40:35 <JDBC3 getGeneratedKeys(): enabled> - [org.hibernate.cfg.SettingsFactory]  - INFO   
2014-10-30 22:40:35 <Connection release mode: auto> - [org.hibernate.cfg.SettingsFactory]  - INFO   
2014-10-30 22:40:35 <Maximum outer join fetch depth: 2> - [org.hibernate.cfg.SettingsFactory]  - INFO   
2014-10-30 22:40:35 <Default batch fetch size: 1> - [org.hibernate.cfg.SettingsFactory]  - INFO   
2014-10-30 22:40:35 <Generate SQL with comments: disabled> - [org.hibernate.cfg.SettingsFactory]  - INFO   
2014-10-30 22:40:35 <Order SQL updates by primary key: disabled> - [org.hibernate.cfg.SettingsFactory]  - INFO   
2014-10-30 22:40:35 <Order SQL inserts for batching: disabled> - [org.hibernate.cfg.SettingsFactory]  - INFO   
2014-10-30 22:40:35 <Query translator: org.hibernate.hql.ast.ASTQueryTranslatorFactory> - [org.hibernate.cfg.SettingsFactory]  - INFO   
2014-10-30 22:40:35 <Using ASTQueryTranslatorFactory> - [org.hibernate.hql.ast.ASTQueryTranslatorFactory]  - INFO   
2014-10-30 22:40:35 <Query language substitutions: {}> - [org.hibernate.cfg.SettingsFactory]  - INFO   
2014-10-30 22:40:35 <JPA-QL strict compliance: disabled> - [org.hibernate.cfg.SettingsFactory]  - INFO   
2014-10-30 22:40:35 <Second-level cache: enabled> - [org.hibernate.cfg.SettingsFactory]  - INFO   
2014-10-30 22:40:35 <Query cache: disabled> - [org.hibernate.cfg.SettingsFactory]  - INFO   
2014-10-30 22:40:35 <Cache region factory : org.hibernate.cache.impl.NoCachingRegionFactory> - [org.hibernate.cfg.SettingsFactory]  - INFO   
2014-10-30 22:40:35 <Optimize cache for minimal puts: disabled> - [org.hibernate.cfg.SettingsFactory]  - INFO   
2014-10-30 22:40:35 <Structured second-level cache entries: disabled> - [org.hibernate.cfg.SettingsFactory]  - INFO   
2014-10-30 22:40:35 <Echoing all SQL to stdout> - [org.hibernate.cfg.SettingsFactory]  - INFO   
2014-10-30 22:40:35 <Statistics: disabled> - [org.hibernate.cfg.SettingsFactory]  - INFO   
2014-10-30 22:40:35 <Deleted entity synthetic identifier rollback: disabled> - [org.hibernate.cfg.SettingsFactory]  - INFO   
2014-10-30 22:40:35 <Default entity-mode: pojo> - [org.hibernate.cfg.SettingsFactory]  - INFO   
2014-10-30 22:40:35 <Named query checking : enabled> - [org.hibernate.cfg.SettingsFactory]  - INFO   
2014-10-30 22:40:35 <building session factory> - [org.hibernate.impl.SessionFactoryImpl]  - INFO   
2014-10-30 22:40:35 <Not binding factory to JNDI, no JNDI name configured> - [org.hibernate.impl.SessionFactoryObjectFactory]  - INFO   
2014-10-30 22:40:35 <Running hbm2ddl schema update> - [org.hibernate.tool.hbm2ddl.SchemaUpdate]  - INFO   
2014-10-30 22:40:35 <fetching database metadata> - [org.hibernate.tool.hbm2ddl.SchemaUpdate]  - INFO   
2014-10-30 22:40:35 <updating schema> - [org.hibernate.tool.hbm2ddl.SchemaUpdate]  - INFO   
2014-10-30 22:40:36 <table found: app.ss_menu> - [org.hibernate.tool.hbm2ddl.TableMetadata]  - INFO   
2014-10-30 22:40:36 <columns: [parent, description, id, text, node_id]> - [org.hibernate.tool.hbm2ddl.TableMetadata]  - INFO   
2014-10-30 22:40:36 <foreign keys: []> - [org.hibernate.tool.hbm2ddl.TableMetadata]  - INFO   
2014-10-30 22:40:36 <indexes: [primary]> - [org.hibernate.tool.hbm2ddl.TableMetadata]  - INFO   
2014-10-30 22:40:36 <schema update complete> - [org.hibernate.tool.hbm2ddl.SchemaUpdate]  - INFO   
2014-10-30 22:40:36 <Using DataSource [org.apache.commons.dbcp.BasicDataSource@3cf9fc1a] of Hibernate SessionFactory for HibernateTransactionManager> - [org.springframework.orm.hibernate3.HibernateTransactionManager]  - INFO   
2014-10-30 22:40:36 <Root WebApplicationContext: initialization completed in 2368 ms> - [org.springframework.web.context.ContextLoader]  - INFO   
2014-10-30 22:40:36 <Parsing configuration file [struts-default.xml]> - [com.opensymphony.xwork2.config.providers.XmlConfigurationProvider]  - INFO   
2014-10-30 22:40:36 <Parsing configuration file [struts-plugin.xml]> - [com.opensymphony.xwork2.config.providers.XmlConfigurationProvider]  - INFO   
2014-10-30 22:40:36 <Parsing configuration file [struts.xml]> - [com.opensymphony.xwork2.config.providers.XmlConfigurationProvider]  - INFO   
2014-10-30 22:40:36 <Initializing Struts-Spring integration...> - [org.apache.struts2.spring.StrutsSpringObjectFactory]  - INFO   
2014-10-30 22:40:36 <Setting autowire strategy to name> - [com.opensymphony.xwork2.spring.SpringObjectFactory]  - INFO   
2014-10-30 22:40:36 <... initialized Struts-Spring integration successfully> - [org.apache.struts2.spring.StrutsSpringObjectFactory]  - INFO   
