2014-10-31 09:35:19 <Root WebApplicationContext: initialization started> - [org.springframework.web.context.ContextLoader]  - INFO   
2014-10-31 09:35:19 <Refreshing Root WebApplicationContext: startup date [Fri Oct 31 09:35:19 GMT+08:00 2014]; root of context hierarchy> - [org.springframework.web.context.support.XmlWebApplicationContext]  - INFO   
2014-10-31 09:35:20 <Loading XML bean definitions from class path resource [applicationContext.xml]> - [org.springframework.beans.factory.xml.XmlBeanDefinitionReader]  - INFO   
2014-10-31 09:35:20 <Loading properties file from class path resource [jdbc.properties]> - [org.springframework.beans.factory.config.PropertyPlaceholderConfigurer]  - INFO   
2014-10-31 09:35:20 <Pre-instantiating singletons in org.springframework.beans.factory.support.DefaultListableBeanFactory@1cebdb2a: defining beans [org.springframework.context.annotation.internalConfigurationAnnotationProcessor,org.springframework.context.annotation.internalAutowiredAnnotationProcessor,org.springframework.context.annotation.internalRequiredAnnotationProcessor,org.springframework.context.annotation.internalCommonAnnotationProcessor,org.springframework.context.annotation.internalPersistenceAnnotationProcessor,menuDao,menuService,org.springframework.aop.config.internalAutoProxyCreator,propertyConfigurer,dataSource,sessionFactory,transactionManager,txAdvice,myTest,org.springframework.aop.support.DefaultBeanFactoryPointcutAdvisor#0]; root of factory hierarchy> - [org.springframework.beans.factory.support.DefaultListableBeanFactory]  - INFO   
2014-10-31 09:35:21 <Hibernate Annotations 3.4.0.GA> - [org.hibernate.cfg.annotations.Version]  - INFO   
2014-10-31 09:35:21 <Hibernate 3.3.2.GA> - [org.hibernate.cfg.Environment]  - INFO   
2014-10-31 09:35:21 <hibernate.properties not found> - [org.hibernate.cfg.Environment]  - INFO   
2014-10-31 09:35:21 <Bytecode provider name : javassist> - [org.hibernate.cfg.Environment]  - INFO   
2014-10-31 09:35:21 <using JDK 1.4 java.sql.Timestamp handling> - [org.hibernate.cfg.Environment]  - INFO   
2014-10-31 09:35:21 <Hibernate Commons Annotations 3.1.0.GA> - [org.hibernate.annotations.common.Version]  - INFO   
2014-10-31 09:35:21 <Binding entity from annotated class: com.skss.app.entity.Menu> - [org.hibernate.cfg.AnnotationBinder]  - INFO   
2014-10-31 09:35:21 <Bind entity com.skss.app.entity.Menu on table ss_menu> - [org.hibernate.cfg.annotations.EntityBinder]  - INFO   
2014-10-31 09:35:21 <Hibernate Validator 3.1.0.GA> - [org.hibernate.validator.Version]  - INFO   
2014-10-31 09:35:21 <Building new Hibernate SessionFactory> - [org.springframework.orm.hibernate3.annotation.AnnotationSessionFactoryBean]  - INFO   
2014-10-31 09:35:21 <Unable to find org.hibernate.search.event.FullTextIndexEventListener on the classpath. Hibernate Search is not enabled.> - [org.hibernate.cfg.search.HibernateSearchEventListenerRegister]  - INFO   
2014-10-31 09:35:21 <Initializing connection provider: org.springframework.orm.hibernate3.LocalDataSourceConnectionProvider> - [org.hibernate.connection.ConnectionProviderFactory]  - INFO   
2014-10-31 09:35:21 <RDBMS: MySQL, version: 5.6.11> - [org.hibernate.cfg.SettingsFactory]  - INFO   
2014-10-31 09:35:21 <JDBC driver: MySQL-AB JDBC Driver, version: mysql-connector-java-5.1.13 ( Revision: ${bzr.revision-id} )> - [org.hibernate.cfg.SettingsFactory]  - INFO   
2014-10-31 09:35:21 <Using dialect: org.hibernate.dialect.MySQLDialect> - [org.hibernate.dialect.Dialect]  - INFO   
2014-10-31 09:35:21 <Transaction strategy: org.springframework.orm.hibernate3.SpringTransactionFactory> - [org.hibernate.transaction.TransactionFactoryFactory]  - INFO   
2014-10-31 09:35:21 <No TransactionManagerLookup configured (in JTA environment, use of read-write or transactional second-level cache is not recommended)> - [org.hibernate.transaction.TransactionManagerLookupFactory]  - INFO   
2014-10-31 09:35:21 <Automatic flush during beforeCompletion(): disabled> - [org.hibernate.cfg.SettingsFactory]  - INFO   
2014-10-31 09:35:21 <Automatic session close at end of transaction: disabled> - [org.hibernate.cfg.SettingsFactory]  - INFO   
2014-10-31 09:35:21 <JDBC batch size: 15> - [org.hibernate.cfg.SettingsFactory]  - INFO   
2014-10-31 09:35:21 <JDBC batch updates for versioned data: disabled> - [org.hibernate.cfg.SettingsFactory]  - INFO   
2014-10-31 09:35:21 <Scrollable result sets: enabled> - [org.hibernate.cfg.SettingsFactory]  - INFO   
2014-10-31 09:35:21 <JDBC3 getGeneratedKeys(): enabled> - [org.hibernate.cfg.SettingsFactory]  - INFO   
2014-10-31 09:35:21 <Connection release mode: auto> - [org.hibernate.cfg.SettingsFactory]  - INFO   
2014-10-31 09:35:21 <Maximum outer join fetch depth: 2> - [org.hibernate.cfg.SettingsFactory]  - INFO   
2014-10-31 09:35:21 <Default batch fetch size: 1> - [org.hibernate.cfg.SettingsFactory]  - INFO   
2014-10-31 09:35:21 <Generate SQL with comments: disabled> - [org.hibernate.cfg.SettingsFactory]  - INFO   
2014-10-31 09:35:21 <Order SQL updates by primary key: disabled> - [org.hibernate.cfg.SettingsFactory]  - INFO   
2014-10-31 09:35:21 <Order SQL inserts for batching: disabled> - [org.hibernate.cfg.SettingsFactory]  - INFO   
2014-10-31 09:35:21 <Query translator: org.hibernate.hql.ast.ASTQueryTranslatorFactory> - [org.hibernate.cfg.SettingsFactory]  - INFO   
2014-10-31 09:35:21 <Using ASTQueryTranslatorFactory> - [org.hibernate.hql.ast.ASTQueryTranslatorFactory]  - INFO   
2014-10-31 09:35:21 <Query language substitutions: {}> - [org.hibernate.cfg.SettingsFactory]  - INFO   
2014-10-31 09:35:21 <JPA-QL strict compliance: disabled> - [org.hibernate.cfg.SettingsFactory]  - INFO   
2014-10-31 09:35:21 <Second-level cache: enabled> - [org.hibernate.cfg.SettingsFactory]  - INFO   
2014-10-31 09:35:21 <Query cache: disabled> - [org.hibernate.cfg.SettingsFactory]  - INFO   
2014-10-31 09:35:21 <Cache region factory : org.hibernate.cache.impl.NoCachingRegionFactory> - [org.hibernate.cfg.SettingsFactory]  - INFO   
2014-10-31 09:35:21 <Optimize cache for minimal puts: disabled> - [org.hibernate.cfg.SettingsFactory]  - INFO   
2014-10-31 09:35:21 <Structured second-level cache entries: disabled> - [org.hibernate.cfg.SettingsFactory]  - INFO   
2014-10-31 09:35:21 <Echoing all SQL to stdout> - [org.hibernate.cfg.SettingsFactory]  - INFO   
2014-10-31 09:35:21 <Statistics: disabled> - [org.hibernate.cfg.SettingsFactory]  - INFO   
2014-10-31 09:35:21 <Deleted entity synthetic identifier rollback: disabled> - [org.hibernate.cfg.SettingsFactory]  - INFO   
2014-10-31 09:35:21 <Default entity-mode: pojo> - [org.hibernate.cfg.SettingsFactory]  - INFO   
2014-10-31 09:35:21 <Named query checking : enabled> - [org.hibernate.cfg.SettingsFactory]  - INFO   
2014-10-31 09:35:21 <building session factory> - [org.hibernate.impl.SessionFactoryImpl]  - INFO   
2014-10-31 09:35:21 <Not binding factory to JNDI, no JNDI name configured> - [org.hibernate.impl.SessionFactoryObjectFactory]  - INFO   
2014-10-31 09:35:21 <Running hbm2ddl schema update> - [org.hibernate.tool.hbm2ddl.SchemaUpdate]  - INFO   
2014-10-31 09:35:21 <fetching database metadata> - [org.hibernate.tool.hbm2ddl.SchemaUpdate]  - INFO   
2014-10-31 09:35:21 <updating schema> - [org.hibernate.tool.hbm2ddl.SchemaUpdate]  - INFO   
2014-10-31 09:35:22 <table found: app.ss_menu> - [org.hibernate.tool.hbm2ddl.TableMetadata]  - INFO   
2014-10-31 09:35:22 <columns: [id, text, description, parent, node_id]> - [org.hibernate.tool.hbm2ddl.TableMetadata]  - INFO   
2014-10-31 09:35:22 <foreign keys: []> - [org.hibernate.tool.hbm2ddl.TableMetadata]  - INFO   
2014-10-31 09:35:22 <indexes: [primary]> - [org.hibernate.tool.hbm2ddl.TableMetadata]  - INFO   
2014-10-31 09:35:22 <schema update complete> - [org.hibernate.tool.hbm2ddl.SchemaUpdate]  - INFO   
2014-10-31 09:35:22 <Using DataSource [org.apache.commons.dbcp.BasicDataSource@595ecff3] of Hibernate SessionFactory for HibernateTransactionManager> - [org.springframework.orm.hibernate3.HibernateTransactionManager]  - INFO   
2014-10-31 09:35:22 <Root WebApplicationContext: initialization completed in 2469 ms> - [org.springframework.web.context.ContextLoader]  - INFO   
2014-10-31 09:35:22 <Parsing configuration file [struts-default.xml]> - [com.opensymphony.xwork2.config.providers.XmlConfigurationProvider]  - INFO   
2014-10-31 09:35:22 <Parsing configuration file [struts-plugin.xml]> - [com.opensymphony.xwork2.config.providers.XmlConfigurationProvider]  - INFO   
2014-10-31 09:35:22 <Parsing configuration file [struts.xml]> - [com.opensymphony.xwork2.config.providers.XmlConfigurationProvider]  - INFO   
2014-10-31 09:35:22 <Initializing Struts-Spring integration...> - [org.apache.struts2.spring.StrutsSpringObjectFactory]  - INFO   
2014-10-31 09:35:22 <Setting autowire strategy to name> - [com.opensymphony.xwork2.spring.SpringObjectFactory]  - INFO   
2014-10-31 09:35:22 <... initialized Struts-Spring integration successfully> - [org.apache.struts2.spring.StrutsSpringObjectFactory]  - INFO   
2014-10-31 09:38:06 <Root WebApplicationContext: initialization started> - [org.springframework.web.context.ContextLoader]  - INFO   
2014-10-31 09:38:06 <Refreshing Root WebApplicationContext: startup date [Fri Oct 31 09:38:06 GMT+08:00 2014]; root of context hierarchy> - [org.springframework.web.context.support.XmlWebApplicationContext]  - INFO   
2014-10-31 09:38:06 <Loading XML bean definitions from class path resource [applicationContext.xml]> - [org.springframework.beans.factory.xml.XmlBeanDefinitionReader]  - INFO   
2014-10-31 09:38:07 <Loading properties file from class path resource [jdbc.properties]> - [org.springframework.beans.factory.config.PropertyPlaceholderConfigurer]  - INFO   
2014-10-31 09:38:07 <Pre-instantiating singletons in org.springframework.beans.factory.support.DefaultListableBeanFactory@4081b13b: defining beans [org.springframework.context.annotation.internalConfigurationAnnotationProcessor,org.springframework.context.annotation.internalAutowiredAnnotationProcessor,org.springframework.context.annotation.internalRequiredAnnotationProcessor,org.springframework.context.annotation.internalCommonAnnotationProcessor,org.springframework.context.annotation.internalPersistenceAnnotationProcessor,menuDao,menuService,org.springframework.aop.config.internalAutoProxyCreator,propertyConfigurer,dataSource,sessionFactory,transactionManager,txAdvice,myTest,org.springframework.aop.support.DefaultBeanFactoryPointcutAdvisor#0]; root of factory hierarchy> - [org.springframework.beans.factory.support.DefaultListableBeanFactory]  - INFO   
2014-10-31 09:38:07 <Hibernate Annotations 3.4.0.GA> - [org.hibernate.cfg.annotations.Version]  - INFO   
2014-10-31 09:38:07 <Hibernate 3.3.2.GA> - [org.hibernate.cfg.Environment]  - INFO   
2014-10-31 09:38:07 <hibernate.properties not found> - [org.hibernate.cfg.Environment]  - INFO   
2014-10-31 09:38:07 <Bytecode provider name : javassist> - [org.hibernate.cfg.Environment]  - INFO   
2014-10-31 09:38:07 <using JDK 1.4 java.sql.Timestamp handling> - [org.hibernate.cfg.Environment]  - INFO   
2014-10-31 09:38:07 <Hibernate Commons Annotations 3.1.0.GA> - [org.hibernate.annotations.common.Version]  - INFO   
2014-10-31 09:38:07 <Binding entity from annotated class: com.skss.app.entity.Menu> - [org.hibernate.cfg.AnnotationBinder]  - INFO   
2014-10-31 09:38:07 <Bind entity com.skss.app.entity.Menu on table ss_menu> - [org.hibernate.cfg.annotations.EntityBinder]  - INFO   
2014-10-31 09:38:07 <Hibernate Validator 3.1.0.GA> - [org.hibernate.validator.Version]  - INFO   
2014-10-31 09:38:07 <Building new Hibernate SessionFactory> - [org.springframework.orm.hibernate3.annotation.AnnotationSessionFactoryBean]  - INFO   
2014-10-31 09:38:07 <Unable to find org.hibernate.search.event.FullTextIndexEventListener on the classpath. Hibernate Search is not enabled.> - [org.hibernate.cfg.search.HibernateSearchEventListenerRegister]  - INFO   
2014-10-31 09:38:07 <Initializing connection provider: org.springframework.orm.hibernate3.LocalDataSourceConnectionProvider> - [org.hibernate.connection.ConnectionProviderFactory]  - INFO   
2014-10-31 09:38:07 <RDBMS: MySQL, version: 5.6.11> - [org.hibernate.cfg.SettingsFactory]  - INFO   
2014-10-31 09:38:07 <JDBC driver: MySQL-AB JDBC Driver, version: mysql-connector-java-5.1.13 ( Revision: ${bzr.revision-id} )> - [org.hibernate.cfg.SettingsFactory]  - INFO   
2014-10-31 09:38:08 <Using dialect: org.hibernate.dialect.MySQLDialect> - [org.hibernate.dialect.Dialect]  - INFO   
2014-10-31 09:38:08 <Transaction strategy: org.springframework.orm.hibernate3.SpringTransactionFactory> - [org.hibernate.transaction.TransactionFactoryFactory]  - INFO   
2014-10-31 09:38:08 <No TransactionManagerLookup configured (in JTA environment, use of read-write or transactional second-level cache is not recommended)> - [org.hibernate.transaction.TransactionManagerLookupFactory]  - INFO   
2014-10-31 09:38:08 <Automatic flush during beforeCompletion(): disabled> - [org.hibernate.cfg.SettingsFactory]  - INFO   
2014-10-31 09:38:08 <Automatic session close at end of transaction: disabled> - [org.hibernate.cfg.SettingsFactory]  - INFO   
2014-10-31 09:38:08 <JDBC batch size: 15> - [org.hibernate.cfg.SettingsFactory]  - INFO   
2014-10-31 09:38:08 <JDBC batch updates for versioned data: disabled> - [org.hibernate.cfg.SettingsFactory]  - INFO   
2014-10-31 09:38:08 <Scrollable result sets: enabled> - [org.hibernate.cfg.SettingsFactory]  - INFO   
2014-10-31 09:38:08 <JDBC3 getGeneratedKeys(): enabled> - [org.hibernate.cfg.SettingsFactory]  - INFO   
2014-10-31 09:38:08 <Connection release mode: auto> - [org.hibernate.cfg.SettingsFactory]  - INFO   
2014-10-31 09:38:08 <Maximum outer join fetch depth: 2> - [org.hibernate.cfg.SettingsFactory]  - INFO   
2014-10-31 09:38:08 <Default batch fetch size: 1> - [org.hibernate.cfg.SettingsFactory]  - INFO   
2014-10-31 09:38:08 <Generate SQL with comments: disabled> - [org.hibernate.cfg.SettingsFactory]  - INFO   
2014-10-31 09:38:08 <Order SQL updates by primary key: disabled> - [org.hibernate.cfg.SettingsFactory]  - INFO   
2014-10-31 09:38:08 <Order SQL inserts for batching: disabled> - [org.hibernate.cfg.SettingsFactory]  - INFO   
2014-10-31 09:38:08 <Query translator: org.hibernate.hql.ast.ASTQueryTranslatorFactory> - [org.hibernate.cfg.SettingsFactory]  - INFO   
2014-10-31 09:38:08 <Using ASTQueryTranslatorFactory> - [org.hibernate.hql.ast.ASTQueryTranslatorFactory]  - INFO   
2014-10-31 09:38:08 <Query language substitutions: {}> - [org.hibernate.cfg.SettingsFactory]  - INFO   
2014-10-31 09:38:08 <JPA-QL strict compliance: disabled> - [org.hibernate.cfg.SettingsFactory]  - INFO   
2014-10-31 09:38:08 <Second-level cache: enabled> - [org.hibernate.cfg.SettingsFactory]  - INFO   
2014-10-31 09:38:08 <Query cache: disabled> - [org.hibernate.cfg.SettingsFactory]  - INFO   
2014-10-31 09:38:08 <Cache region factory : org.hibernate.cache.impl.NoCachingRegionFactory> - [org.hibernate.cfg.SettingsFactory]  - INFO   
2014-10-31 09:38:08 <Optimize cache for minimal puts: disabled> - [org.hibernate.cfg.SettingsFactory]  - INFO   
2014-10-31 09:38:08 <Structured second-level cache entries: disabled> - [org.hibernate.cfg.SettingsFactory]  - INFO   
2014-10-31 09:38:08 <Echoing all SQL to stdout> - [org.hibernate.cfg.SettingsFactory]  - INFO   
2014-10-31 09:38:08 <Statistics: disabled> - [org.hibernate.cfg.SettingsFactory]  - INFO   
2014-10-31 09:38:08 <Deleted entity synthetic identifier rollback: disabled> - [org.hibernate.cfg.SettingsFactory]  - INFO   
2014-10-31 09:38:08 <Default entity-mode: pojo> - [org.hibernate.cfg.SettingsFactory]  - INFO   
2014-10-31 09:38:08 <Named query checking : enabled> - [org.hibernate.cfg.SettingsFactory]  - INFO   
2014-10-31 09:38:08 <building session factory> - [org.hibernate.impl.SessionFactoryImpl]  - INFO   
2014-10-31 09:38:08 <Not binding factory to JNDI, no JNDI name configured> - [org.hibernate.impl.SessionFactoryObjectFactory]  - INFO   
2014-10-31 09:38:08 <Running hbm2ddl schema update> - [org.hibernate.tool.hbm2ddl.SchemaUpdate]  - INFO   
2014-10-31 09:38:08 <fetching database metadata> - [org.hibernate.tool.hbm2ddl.SchemaUpdate]  - INFO   
2014-10-31 09:38:08 <updating schema> - [org.hibernate.tool.hbm2ddl.SchemaUpdate]  - INFO   
2014-10-31 09:38:08 <table found: app.ss_menu> - [org.hibernate.tool.hbm2ddl.TableMetadata]  - INFO   
2014-10-31 09:38:08 <columns: [id, text, description, parent, node_id]> - [org.hibernate.tool.hbm2ddl.TableMetadata]  - INFO   
2014-10-31 09:38:08 <foreign keys: []> - [org.hibernate.tool.hbm2ddl.TableMetadata]  - INFO   
2014-10-31 09:38:08 <indexes: [primary]> - [org.hibernate.tool.hbm2ddl.TableMetadata]  - INFO   
2014-10-31 09:38:08 <schema update complete> - [org.hibernate.tool.hbm2ddl.SchemaUpdate]  - INFO   
2014-10-31 09:38:08 <Using DataSource [org.apache.commons.dbcp.BasicDataSource@7f51e32d] of Hibernate SessionFactory for HibernateTransactionManager> - [org.springframework.orm.hibernate3.HibernateTransactionManager]  - INFO   
2014-10-31 09:38:08 <Root WebApplicationContext: initialization completed in 2157 ms> - [org.springframework.web.context.ContextLoader]  - INFO   
2014-10-31 09:38:08 <Parsing configuration file [struts-default.xml]> - [com.opensymphony.xwork2.config.providers.XmlConfigurationProvider]  - INFO   
2014-10-31 09:38:08 <Parsing configuration file [struts-plugin.xml]> - [com.opensymphony.xwork2.config.providers.XmlConfigurationProvider]  - INFO   
2014-10-31 09:38:08 <Parsing configuration file [struts.xml]> - [com.opensymphony.xwork2.config.providers.XmlConfigurationProvider]  - INFO   
2014-10-31 09:38:08 <Initializing Struts-Spring integration...> - [org.apache.struts2.spring.StrutsSpringObjectFactory]  - INFO   
2014-10-31 09:38:08 <Setting autowire strategy to name> - [com.opensymphony.xwork2.spring.SpringObjectFactory]  - INFO   
2014-10-31 09:38:08 <... initialized Struts-Spring integration successfully> - [org.apache.struts2.spring.StrutsSpringObjectFactory]  - INFO   
